<?xml version="1.0" encoding="UTF-8"?>
<!-- Generated by org.testng.reporters.JUnitReportReporter -->
<testsuite hostname="Shivam-Verma" name="PracticeTestNG.ClassTest" tests="1" failures="0" timestamp="19 Jun 2019 17:54:41 GMT" time="0.007" errors="0">
  <testcase name="FirstScript" time="0.007" classname="PracticeTestNG.ClassTest"/>
</testsuite> <!-- PracticeTestNG.ClassTest -->
