<?xml version="1.0" encoding="UTF-8"?>
<!-- Generated by org.testng.reporters.JUnitReportReporter -->
<testsuite hostname="Shivam-Verma" name="PracticeTestNG.TestNGsuiteFileTest" tests="3" failures="0" timestamp="5 Jun 2019 16:56:10 GMT" time="0.021" errors="0">
  <testcase name="SecondScript" time="0.005" classname="PracticeTestNG.TestNGsuiteFileTest"/>
  <testcase name="ThirdScript" time="0.014" classname="PracticeTestNG.TestNGsuiteFileTest"/>
  <testcase name="FirstScript" time="0.002" classname="PracticeTestNG.TestNGsuiteFileTest"/>
</testsuite> <!-- PracticeTestNG.TestNGsuiteFileTest -->
