<?xml version="1.0" encoding="UTF-8"?>
<!-- Generated by org.testng.reporters.JUnitReportReporter -->
<testsuite hostname="Shivam-Verma" name="PracticeTestNG.AssertionTest" tests="2" failures="0" timestamp="19 Jun 2019 17:37:07 GMT" time="22.628" errors="0">
  <testcase name="validlogin" time="15.112" classname="PracticeTestNG.AssertionTest"/>
  <testcase name="invalidlgin" time="7.516" classname="PracticeTestNG.AssertionTest"/>
</testsuite> <!-- PracticeTestNG.AssertionTest -->
