<?xml version="1.0" encoding="UTF-8"?>
<!-- Generated by org.testng.reporters.JUnitReportReporter -->
<testsuite hostname="Shivam-Verma" name="PracticeTestNG.MultipleScriptTest" tests="3" failures="0" timestamp="5 Jun 2019 15:15:31 GMT" time="0.023" errors="0">
  <testcase name="ThirdScript" time="0.003" classname="PracticeTestNG.MultipleScriptTest"/>
  <testcase name="FirstScript" time="0.016" classname="PracticeTestNG.MultipleScriptTest"/>
  <testcase name="SecondScript" time="0.004" classname="PracticeTestNG.MultipleScriptTest"/>
</testsuite> <!-- PracticeTestNG.MultipleScriptTest -->
