<?xml version="1.0" encoding="UTF-8"?>
<!-- Generated by org.testng.reporters.JUnitReportReporter -->
<testsuite hostname="Shivam-Verma" name="Inheritance.ExtendMultipleClassTest" tests="3" failures="0" timestamp="18 Jun 2019 10:53:49 GMT" time="0.019" errors="0">
  <testcase name="datatest" time="0.004" classname="Inheritance.ExtendMultipleClassTest"/>
  <testcase name="datatest" time="0.013" classname="Inheritance.ExtendMultipleClassTest"/>
  <testcase name="datatest" time="0.002" classname="Inheritance.ExtendMultipleClassTest"/>
</testsuite> <!-- Inheritance.ExtendMultipleClassTest -->
