<?xml version="1.0" encoding="UTF-8"?>
<!-- Generated by org.testng.reporters.JUnitReportReporter -->
<testsuite hostname="Shivam-Verma" name="PracticeTestNG.MethodTest" tests="2" failures="0" timestamp="14 Jun 2019 16:12:00 GMT" time="0.021" errors="0">
  <testcase name="first" time="0.009" classname="PracticeTestNG.MethodTest"/>
  <testcase name="second" time="0.012" classname="PracticeTestNG.MethodTest"/>
</testsuite> <!-- PracticeTestNG.MethodTest -->
