<?xml version="1.0" encoding="UTF-8"?>
<!-- Generated by org.testng.reporters.JUnitReportReporter -->
<testsuite hostname="Shivam-Verma" name="PracticeTestNG.DataProviderTest" tests="3" failures="0" timestamp="18 Jun 2019 10:22:55 GMT" time="0.018" errors="0">
  <testcase name="datatest" time="0.014" classname="PracticeTestNG.DataProviderTest"/>
  <testcase name="datatest" time="0.002" classname="PracticeTestNG.DataProviderTest"/>
  <testcase name="datatest" time="0.002" classname="PracticeTestNG.DataProviderTest"/>
</testsuite> <!-- PracticeTestNG.DataProviderTest -->
