<?xml version="1.0" encoding="UTF-8"?>
<!-- Generated by org.testng.reporters.JUnitReportReporter -->
<testsuite hostname="Shivam-Verma" name="PracticeTestNG.MultipleTimeandDisableTest" tests="1" failures="0" timestamp="5 Jun 2019 17:25:13 GMT" time="0.017" errors="0">
  <testcase name="TestScript" time="0.017" classname="PracticeTestNG.MultipleTimeandDisableTest"/>
</testsuite> <!-- PracticeTestNG.MultipleTimeandDisableTest -->
