<?xml version="1.0" encoding="UTF-8"?>
<!-- Generated by org.testng.reporters.JUnitReportReporter -->
<testsuite hostname="Shivam-Verma" name="PracticeTestNG.MultipleScript" tests="3" failures="0" timestamp="5 Jun 2019 15:09:15 GMT" time="0.018" errors="0">
  <testcase name="ThirdScript" time="0.001" classname="PracticeTestNG.MultipleScript"/>
  <testcase name="FirstScript" time="0.015" classname="PracticeTestNG.MultipleScript"/>
  <testcase name="SecondScript" time="0.002" classname="PracticeTestNG.MultipleScript"/>
</testsuite> <!-- PracticeTestNG.MultipleScript -->
