<?xml version="1.0" encoding="UTF-8"?>
<!-- Generated by org.testng.reporters.JUnitReportReporter -->
<testsuite hostname="Shivam-Verma" name="PracticeTestNG.PriorityTest" tests="3" failures="0" timestamp="5 Jun 2019 15:30:03 GMT" time="0.016" errors="0">
  <testcase name="SecondScript" time="0.000" classname="PracticeTestNG.PriorityTest"/>
  <testcase name="ThirdScript" time="0.016" classname="PracticeTestNG.PriorityTest"/>
  <testcase name="FirstScript" time="0.000" classname="PracticeTestNG.PriorityTest"/>
</testsuite> <!-- PracticeTestNG.PriorityTest -->
