<?xml version="1.0" encoding="UTF-8"?>
<!-- Generated by org.testng.reporters.JUnitReportReporter -->
<testsuite hostname="Shivam-Verma" name="PracticeTestNG.GroupExecutionTest" tests="1" failures="0" timestamp="16 Jun 2019 03:10:01 GMT" time="0.030" errors="0">
  <testcase name="login" time="0.030" classname="PracticeTestNG.GroupExecutionTest"/>
</testsuite> <!-- PracticeTestNG.GroupExecutionTest -->
