<?xml version="1.0" encoding="UTF-8"?>
<!-- Generated by org.testng.reporters.JUnitReportReporter -->
<testsuite hostname="Shivam-Verma" name="PracticeTestNG.methodandclassannotationwithgroupexecution" tests="2" failures="0" timestamp="16 Jun 2019 03:52:26 GMT" time="0.016" errors="0">
  <testcase name="Purchase" time="0.008" classname="PracticeTestNG.methodandclassannotationwithgroupexecution"/>
  <testcase name="BuyProduct" time="0.008" classname="PracticeTestNG.methodandclassannotationwithgroupexecution"/>
</testsuite> <!-- PracticeTestNG.methodandclassannotationwithgroupexecution -->
