<?xml version="1.0" encoding="UTF-8"?>
<!-- Generated by org.testng.reporters.JUnitReportReporter -->
<testsuite hostname="Shivam-Verma" name="PracticeTestNG.Joke" tests="1" failures="0" timestamp="19 Jun 2019 17:08:52 GMT" time="7.147" errors="0">
  <testcase name="validLogin" time="7.147" classname="PracticeTestNG.Joke"/>
</testsuite> <!-- PracticeTestNG.Joke -->
