<?xml version="1.0" encoding="UTF-8"?>
<!-- Generated by org.testng.reporters.JUnitReportReporter -->
<testsuite hostname="Shivam-Verma" name="PracticeTestNG.DataProviderSimpleTest" tests="2" failures="0" timestamp="18 Jun 2019 10:19:48 GMT" time="0.027" errors="0">
  <testcase name="loginTest" time="0.024" classname="PracticeTestNG.DataProviderSimpleTest"/>
  <testcase name="loginTest" time="0.003" classname="PracticeTestNG.DataProviderSimpleTest"/>
</testsuite> <!-- PracticeTestNG.DataProviderSimpleTest -->
