<?xml version="1.0" encoding="UTF-8"?>
<!-- Generated by org.testng.reporters.JUnitReportReporter -->
<testsuite hostname="Shivam-Verma" name="PracticeTestNG.ParameterTest" tests="1" failures="0" timestamp="17 Jun 2019 17:12:22 GMT" time="0.017" errors="0">
  <testcase name="sample" time="0.017" classname="PracticeTestNG.ParameterTest"/>
</testsuite> <!-- PracticeTestNG.ParameterTest -->
