<?xml version="1.0" encoding="UTF-8"?>
<!-- Generated by org.testng.reporters.JUnitReportReporter -->
<testsuite hostname="Shivam-Verma" name="PracticeTestNG.ClassAnnotationActinTimeTest" tests="3" failures="0" timestamp="17 Jun 2019 16:23:39 GMT" time="11.787" errors="0">
  <testcase name="createnewTask" time="3.983" classname="PracticeTestNG.ClassAnnotationActinTimeTest"/>
  <testcase name="createnewcustomer" time="4.412" classname="PracticeTestNG.ClassAnnotationActinTimeTest"/>
  <testcase name="createnewproject" time="3.392" classname="PracticeTestNG.ClassAnnotationActinTimeTest"/>
</testsuite> <!-- PracticeTestNG.ClassAnnotationActinTimeTest -->
