<?xml version="1.0" encoding="UTF-8"?>
<!-- Generated by org.testng.reporters.JUnitReportReporter -->
<testsuite hostname="Shivam-Verma" name="PracticeTestNG.TestngAnnotationsTest" tests="1" failures="0" timestamp="14 Jun 2019 16:05:22 GMT" time="0.011" errors="0">
  <testcase name="TestMethod" time="0.011" classname="PracticeTestNG.TestngAnnotationsTest"/>
</testsuite> <!-- PracticeTestNG.TestngAnnotationsTest -->
