<?xml version="1.0" encoding="UTF-8"?>
<!-- Generated by org.testng.reporters.JUnitReportReporter -->
<testsuite hostname="Shivam-Verma" name="ProcticeTestNG.oldTest" tests="1" failures="0" timestamp="21 May 2019 12:39:36 GMT" time="62.641" errors="0">
  <testcase name="f" time="62.641" classname="ProcticeTestNG.oldTest"/>
</testsuite> <!-- ProcticeTestNG.oldTest -->
